Kiểm tra batch 1 (2 câu)...
📄 Raw response:
```json
{
"results": [
{
"query": "Ngay từ nhỏ, chúng ta đã có khái niệm về tiền bạc.",
"exists": true,
"links": ["https://vertexaisearch.cloud.google.com/grounding-api-redirect/AUZIYQHzxbWlXTBsXfm2yW41Q8vL9Kd41op6Qq5JUVI-P6PJu5qnyJ9a_1SDBlV6mroOGUWV-GgaFFsDcRFA8ewbHAr47XatXF10eR9bRv4AlPOMJgB6N78HZY4sAJUAH0Blzye3Bf401JLfVJ9uHhwvIo5SysQ-fkRKDw3XLOnrelENQKg=", "https://vertexaisearch.cloud.google.com/grounding-api-redirect/AUZIYQEC06jF7z8KqobmPWXjomIoVF9ha3kxx_h1b5qV4ahpQce_GDCbqU7-nN2XRObFiuhG53a7cvQVCZw5RCc8hU_vuBpFFe6uL8utRW3lHwjnI2MS7LSJ1f7Hofmg9mpbVLfs_W-MghCGmiOks0qCmT6Ovi2SMZQOtDh8NoB1RA9a89FpjOU=", "https://vertexaisearch.cloud.google.com/grounding-api-redirect/AUZIYQGk8MwlMv1UTHuaF_vdJUenxgWyRCgFy0tuHIk9R9W-dC6Wy6HmTQdwO9B4wFllW3dnZsc4IGL6SwEzZwbDI770r5cypF_2pzK7mW8s21-zxbtyn8sEvD-fKFmoxpyPyeWem4IlHpo61KA2AEKdmXhqawmTx_8AvSZnL8ecoCOKgoGQ8hoZ4-toAlLznVsIpXvo_Infyyg=", "https://vertexaisearch.cloud.google.com/grounding-api-redirect/AUZIYQHFyrnD2tCiuBE2A1AXljT7KubK8t2Q42oHe5aRxctPFtQj1ipFLkOwi-s8cC3rUIgoDtMmcg78vHwJNssTlR3t8OLXbitSxL9nSKMfDoiheXrg1hqOHH4-kMlrwqacVwIMiE6kr3TpsEuQ4TO393nr9wSx5Q==", "https://vertexaisearch.cloud.google.com/grounding-api-redirect/AUZIYQG2khlebVwWslKMF4j4HpustrTbX2O9MZnFsaw97F0TSCjmGBRz6spJyKQ_Af35PmbKMvgDJSRrbH4AfACjZ48wIqTcoZWrHAARTurAZYf3i06PhbzzQpyowwadRFF8dyRpdccIQWkdGe56Au-QHoRX3P4Tp0l3-C9n7Z8f73o="]
},
{
"query": "Đó là một cuộc chiến mà đồng tiền là súng đạn và mức sát thương thật là ghê gớm.",
"exists": true,
"links": ["https://vertexaisearch.cloud.google.com/grounding-api-redirect/AUZIYQHzxbWlXTBsXfm2yW41Q8vL9Kd41op6Qq5JUVI-P6PJu5qnyJ9a_1SDBlV6mroOGUWV-GgaFFsDcRFA8ewbHAr47XatXF10eR9bRv4AlPOMJgB6N78HZY4sAJUAH0Blzye3Bf401JLfVJ9uHhwvIo5SysQ-fkRKDw3XLOnrelENQKg=", "https://vertexaisearch.cloud.google.com/grounding-api-redirect/AUZIYQFRHOO0TKBJCStsdGjJY7ulKFwjpis7-iPtUZHkbaftpHf9M_bHMapXoi8bs5Rkex87f_w17ciyqAAZrROyGXaqsDCL4JHPEXqSFiFgUUdjl3Tf4tONJXoxnYY4LlyXGRdq3pA0QDZ4mmR4ObUxyvnaUHloO2Tz", "https://vertexaisearch.cloud.google.com/grounding-api-redirect/AUZIYQGlleItqIDdQwIXeKOp2tHxfVKr4c93Sd_GqKSFbbfOrAC8dcC2jzw581bDJSwlkkFXIEbnREnzTAt2MSf9anBoq-1glmTPKioBMjsotnb1A3y0nDp0l1iiVRK4kUkkWkt7tiQauh2tnQM=", "https://vertexaisearch.cloud.google.com/grounding-api-redirect/AUZIYQEC06jF7z8KqobmPWXjomIoVF9ha3kxx_h1b5qV4ahpQce_GDCbqU7-nN2XRObFiuhG53a7cvQVCZw5RCc8hU_vuBpFFe6uL8utRW3lHwjnI2MS7LSJ1f7Hofmg9mpbVLfs_W-MghCGmiOks0qCmT6Ovi2SMZQOtDh8NoB1RA9a89FpjOU=", "https://vertexaisearch.cloud.google.com/grounding-api-redirect/AUZIYQGk8MwlMv1UTHuaF_vdJUenxgWyRCgFy0tuHIk9R9W-dC6Wy6HmTQdwO9B4wFllW3dnZsc4IGL6SwEzZwbDI770r5cypF_2pzK7mW8s21-zxbtyn8sEvD-fKFmoxpyPyeWem4IlHpo61KA2AEKdmXhqawmTx_8AvSZnL8ecoCOKgoGQ8hoZ4-toAlLznVsIpXvo_Infyyg="]
}
]
}
```

⚠️ JSON lỗi hoặc không hợp lệ, bỏ qua batch này.

🔍 Kiểm tra batch 2 (2 câu)...
📄 Raw response:
```json
{
"results": [
{
"query": "Cuộc sống là chuỗi ngày học hỏi và trải nghiệm, vì vậy hãy biết ơn nó.",
"exists": false,
"links": []
},
{
"query": "Hạnh phúc không phải là đích đến mà là hành trình ta trải qua mỗi ngày.",
"exists": true,
"links": [
"https://vertexaisearch.cloud.google.com/grounding-api-redirect/AUZIYQHLQVK83G52QZcUrmQ1qH69Dt4S8aJuXO3qVdIqVKEv4o01VQT7fO_rUProJ8lZnc4nMzqAPo0YUDk8GOa67rg8B0N3LFE0F3GXNHOzcC6miR_hNjoaPD5LzSAXZBekAhNtSXeVWsE=",
"https://vertexaisearch.cloud.google.com/grounding-api-redirect/AUZIYQGgH69gAO_oCTSE4M7pajfUysZsfdOUKn11TmZFPZw9SBSYYuSUYfK1Uh1GHvDTc8nh4ErS3PrpTsztNDCGqVc061mgSkYmgaig7sZ5XZ19X1C6aQTUzdTK98Zmqf1m-x4rFVpLBmf-XaiCaeuVVOUXjXc="
]
}
]
}
```

⚠️ JSON lỗi hoặc không hợp lệ, bỏ qua batch này.

🔍 Kiểm tra batch 3 (2 câu)...
[⚠️ Lỗi] ClientError: 404 NOT_FOUND. {'error': {'code': 404, 'message': 'models/gemma-3-12b is not found for API version v1beta, or is not supported for generatteContent. Call ListModels to see the list of available models and their supported methods.', 'status': 'NOT_FOUND'}}
📄 Raw response:
```json
{
  "results": [
    {
      "query": "Thành công không đo bằng tiền bạc mà bằng sự hài lòng trong tâm hồn.",
      "exists": true,
      "links": [
        "https://vertexaisearch.cloud.google.com/grounding-api-redirect/AUZIYQEbd9HmCOXZzTa3P0TzKzFyo8vctGKao65jTrh2VQJdTmkrkEZGJRN2lbx9-sMMMVzBEE0NX8P1U-Kk3SbJj410XNMzdGF8q9dRQKf6SqgVJCI1MuVXHSqoYEx9FR0TGWuH3M5hRwF0JLDF-5F4BEj3ucYPvB9pKozBpNpkElb-unNfYEQ6qgYhiuYVq4Yq1Qk="
      ]
    },
    {
      "query": "Nếu tui là gia cát lượng thì tui đã không để cho ngươi làm việc này.",
      "exists": false,
      "links": []
    }
  ]
}
```

⚠️ JSON lỗi hoặc không hợp lệ, bỏ qua batch này.

✅ Kết quả cuối cùng:
{
  "results": []
}


 Kiểm tra batch 1 (2 câu)...
📄 Raw response:
```json
{
"results": [
{
"query": "Ngay từ nhỏ, chúng ta đã có khái niệm về tiền bạc.",
"exists": true,
"links": ["https://vertexaisearch.cloud.google.com/grounding-api-redirect/AUZIYQHQ-rGv757XIATgygs1myTfeFEOgJ4EpqtKf3-6gwBcCWO6zQMiapHNuIbaHLLnGO-JLMaGmVdcwz_9_6nb4VReOVtKAt04SWHp_Ly7XjBgLH_RezWb6ZUTg0rrZLxLfgc5ogKKijtUR0Bi21Mbcq0Flmauh75qaZY58-aaqHfE8FpE", "https://vertexaisearch.cloud.google.com/grounding-api-redirect/AUZIYQGp_e7-DXqv4owIfejV20ud16gjhIbdu7yxuufAxBta6-qQocsRf33vVAevmW2hZYlFFuYEm9f-Mq2h7K6E0gDeepb8cdfO_ul97a_k_QsUJSUoLVTGxIK8Gi4SMAS1AcKyEijEqgzCW2qvtQ5M--TuNHbbtlaGNC-fL1x_2TlghkU2KoWj", "https://vertexaisearch.cloud.google.com/grounding-api-redirect/AUZIYQHpS2aXS57BZF6H-38OdOtsGN9_xpV6wLvYQk0zaO93A0M_Ixk5Nuvvlw6ESYazxUgAWenOOgj60umFpPKwVh8eq10QEgJ6-_DNo8NkV84j2Xg-dv6KeF_iLfTmQiaTwp3NXAcjiraDGJ6sscpa1TZXhfXOr4s", "https://vertexaisearch.cloud.google.com/grounding-api-redirect/AUZIYQHfhz3CvK2NT7YNnriYJMxfNDXILVaiXPZcQWEZYWQVRO_UMu2hfnmKzSGDvU5SRrw9GOjempKxHaeFp_-GtPal2KboKurbheBv90j9jgXicXLjRxwQqRpjMMlDzjlvmBqyGmDfezO9OTuEVgli24-5UQcMa5o7yR5uEAvxBctQ", "https://vertexaisearch.cloud.google.com/grounding-api-redirect/AUZIYQH_qaHdohf5WTFqI-5Jyk7y5aX-Y7nSSWY0g0qAbes3r9luUWWRShqY1mFzPmXB_cErkwVque48e7s4liYOgujsq8h-AUFVziBvi31Lok_9bmmc0cTHQxatJw3sy3CO_rj07JWijlbra5NTlgp-rNzau40XRjRnPznBafJmHsg"]
},
{
"query": "Đó là một cuộc chiến mà đồng tiền là súng đạn và mức sát thương thật là ghê gớm.",
"exists": true,
"links": ["https://vertexaisearch.cloud.google.com/grounding-api-redirect/AUZIYQHQ-rGv757XIATgygs1myTfeFEOgJ4EpqtKf3-6gwBcCWO6zQMiapHNuIbaHLLnGO-JLMaGmVdcwz_9_6nb4VReOVtKAt04SWHp_Ly7XjBgLH_RezWb6ZUTg0rrZLxLfgc5ogKKijtUR0Bi21Mbcq0Flmauh75qaZY58-aaqHfE8FpE", "https://vertexaisearch.cloud.google.com/grounding-api-redirect/AUZIYQF9deDFUe8QgPHsCxp2L68zVYbFCn2gWm5hKHK6OkjhRgBI9ZG8xSbFn4kpJSP1EeAf9EqYtMsE3B72uk5qbezmRFt2GZQDmkY__rJqMAbV9J4shbRoKataLI8M0hDzt9FkQDFzmyKl8e4R", "https://vertexaisearch.cloud.google.com/grounding-api-redirect/AUZIYQFOrzfQF31MzgL7gGr0HQNYAbe3j-gGc7iNxkYIRFlDWrbaUU6_VA6om165KlVNQeYHUrvnmLXIcTY8wWrLLHEL6qcI1SX6h3Q0BQv_FaytljzGSpZDaXJJYWGs2fTFu_v5W7dMNsY7FMLQ9qCIVeN36ktwlF9LOA==", "https://vertexaisearch.cloud.google.com/grounding-api-redirect/AUZIYQGp_e7-DXqv4owIfejV20ud16gjhIbdu7yxuufAxBta6-qQocsRf33vVAevmW2hZYlFFuYEm9f-Mq2h7K6E0gDeepb8cdfO_ul97a_k_QsUJSUoLVTGxIK8Gi4SMAS1AcKyEijEqgzCW2qvtQ5M--TuNHbbtlaGNC-fL1x_2TlghkU2KoWj", "https://vertexaisearch.cloud.google.com/grounding-api-redirect/AUZIYQFQmyyEfhgcgb8zV63LqtA9m534ATemy_bcpBU0O7Xjxj8XRnN4o-jxee6Ke1qaXcXexvq96SijC0HrEg-M3WRenIwIeaEyUtXyuaHfJzWZDuu1PMdMCTHjyQsUKDOVkiCvCpuFwQ87jFwPYtyDiS_lhA9akPr7Kd0qTw=="]
}
]
}
```


🔍 Kiểm tra batch 2 (2 câu)...
📄 Raw response:
```json
{
  "results": [
    {
      "query": "Cuộc sống là chuỗi ngày học hỏi và trải nghiệm, vì vậy hãy biết ơn nó.",
      "exists": false,
      "links": []
    },
    {
      "query": "Hạnh phúc không phải là đích đến mà là hành trình ta trải qua mỗi ngày.",
      "exists": true,
      "links": [
        "https://vertexaisearch.cloud.google.com/grounding-api-redirect/AUZIYQHsBjaieDkx_a3BUbeAcxo5Sl6TVlbBLbprEWHClZoY1-ANODU6_ZT0mO0_l7vMm0foBj816Doant_qhtCpnA91gV2nomy8y-fAzGP7d6h1JS4iUOdRCth9Kssi_0ApSBuZphji6w==",
        "https://vertexaisearch.cloud.google.com/grounding-api-redirect/AUZIYQEfeuMdODkA7mRdxLrBph4voHYabZ0Kgyzw8znq5N6_uY3dAnZld4ZP4yLSNqI4UIiQn568GF18vCGqQla1GBiYOGYFI2kFxPPC2UxuubyvC6kVn69NP580Ky31yOV8sl6dhTF3CxjU7Kli8zOQJz0ghw=="
      ]
    }
  ]
}
```


🔍 Kiểm tra batch 3 (2 câu)...
📄 Raw response:
```json
{
  "results": [
    {
      "query": "Thành công không đo bằng tiền bạc mà bằng sự hài lòng trong tâm hồn.",
      "exists": true,
      "links": [
        "https://vertexaisearch.cloud.google.com/grounding-api-redirect/AUZIYQHH9NG1jdDKQBoK1HyLc6mmF-c9K_Ha96Ahgp3yEciT9rvSlzyzTCJznoz96uSB7MsqpQnE1wMVg4lDNoFvJWhEQQeT711URvuAnqsDhFy8UmnhRqy3632hdK7v32SfHT4z1gnI79HUoWHQhAreN3gf4sCv5jt2AvIkLKECya7hPjTAYaefyha05TXdKabhEt4="
      ]
    },
    {
      "query": "Nếu tui là gia cát lượng thì tui đã không để cho ngươi làm việc này.",
      "exists": false,
      "links": []
    }
  ]
}
```


✅ Kết quả cuối cùng:
{
  "results": [
    {
      "query": "Ngay từ nhỏ, chúng ta đã có khái niệm về tiền bạc.",
      "exists": true,
      "links": [
        "https://vertexaisearch.cloud.google.com/grounding-api-redirect/AUZIYQHQ-rGv757XIATgygs1myTfeFEOgJ4EpqtKf3-6gwBcCWO6zQMiapHNuIbaHLLnGO-JLMaGmVdcwz_9_6nb4VReOVtKAt04SWHp_Ly7XjBgLH_RezWb6ZUTg0rrZLxLfgc5ogKKijtUR0Bi21Mbcq0Flmauh75qaZY58-aaqHfE8FpE",
        "https://vertexaisearch.cloud.google.com/grounding-api-redirect/AUZIYQGp_e7-DXqv4owIfejV20ud16gjhIbdu7yxuufAxBta6-qQocsRf33vVAevmW2hZYlFFuYEm9f-Mq2h7K6E0gDeepb8cdfO_ul97a_k_QsUJSUoLVTGxIK8Gi4SMAS1AcKyEijEqgzCW2qvtQ5M--TuNHbbtlaGNC-fL1x_2TlghkU2KoWj",
        "https://vertexaisearch.cloud.google.com/grounding-api-redirect/AUZIYQHpS2aXS57BZF6H-38OdOtsGN9_xpV6wLvYQk0zaO93A0M_Ixk5Nuvvlw6ESYazxUgAWenOOgj60umFpPKwVh8eq10QEgJ6-_DNo8NkV84j2Xg-dv6KeF_iLfTmQiaTwp3NXAcjiraDGJ6sscpa1TZXhfXOr4s",
        "https://vertexaisearch.cloud.google.com/grounding-api-redirect/AUZIYQHfhz3CvK2NT7YNnriYJMxfNDXILVaiXPZcQWEZYWQVRO_UMu2hfnmKzSGDvU5SRrw9GOjempKxHaeFp_-GtPal2KboKurbheBv90j9jgXicXLjRxwQqRpjMMlDzjlvmBqyGmDfezO9OTuEVgli24-5UQcMa5o7yR5uEAvxBctQ",
        "https://vertexaisearch.cloud.google.com/grounding-api-redirect/AUZIYQH_qaHdohf5WTFqI-5Jyk7y5aX-Y7nSSWY0g0qAbes3r9luUWWRShqY1mFzPmXB_cErkwVque48e7s4liYOgujsq8h-AUFVziBvi31Lok_9bmmc0cTHQxatJw3sy3CO_rj07JWijlbra5NTlgp-rNzau40XRjRnPznBafJmHsg"
      ]
    },
    {
      "query": "Đó là một cuộc chiến mà đồng tiền là súng đạn và mức sát thương thật là ghê gớm.",
      "exists": true,
      "links": [
        "https://vertexaisearch.cloud.google.com/grounding-api-redirect/AUZIYQHQ-rGv757XIATgygs1myTfeFEOgJ4EpqtKf3-6gwBcCWO6zQMiapHNuIbaHLLnGO-JLMaGmVdcwz_9_6nb4VReOVtKAt04SWHp_Ly7XjBgLH_RezWb6ZUTg0rrZLxLfgc5ogKKijtUR0Bi21Mbcq0Flmauh75qaZY58-aaqHfE8FpE",
        "https://vertexaisearch.cloud.google.com/grounding-api-redirect/AUZIYQF9deDFUe8QgPHsCxp2L68zVYbFCn2gWm5hKHK6OkjhRgBI9ZG8xSbFn4kpJSP1EeAf9EqYtMsE3B72uk5qbezmRFt2GZQDmkY__rJqMAbV9J4shbRoKataLI8M0hDzt9FkQDFzmyKl8e4R",
        "https://vertexaisearch.cloud.google.com/grounding-api-redirect/AUZIYQFOrzfQF31MzgL7gGr0HQNYAbe3j-gGc7iNxkYIRFlDWrbaUU6_VA6om165KlVNQeYHUrvnmLXIcTY8wWrLLHEL6qcI1SX6h3Q0BQv_FaytljzGSpZDaXJJYWGs2fTFu_v5W7dMNsY7FMLQ9qCIVeN36ktwlF9LOA==",
        "https://vertexaisearch.cloud.google.com/grounding-api-redirect/AUZIYQGp_e7-DXqv4owIfejV20ud16gjhIbdu7yxuufAxBta6-qQocsRf33vVAevmW2hZYlFFuYEm9f-Mq2h7K6E0gDeepb8cdfO_ul97a_k_QsUJSUoLVTGxIK8Gi4SMAS1AcKyEijEqgzCW2qvtQ5M--TuNHbbtlaGNC-fL1x_2TlghkU2KoWj",
        "https://vertexaisearch.cloud.google.com/grounding-api-redirect/AUZIYQFQmyyEfhgcgb8zV63LqtA9m534ATemy_bcpBU0O7Xjxj8XRnN4o-jxee6Ke1qaXcXexvq96SijC0HrEg-M3WRenIwIeaEyUtXyuaHfJzWZDuu1PMdMCTHjyQsUKDOVkiCvCpuFwQ87jFwPYtyDiS_lhA9akPr7Kd0qTw=="
      ]
    },
    {
      "query": "Cuộc sống là chuỗi ngày học hỏi và trải nghiệm, vì vậy hãy biết ơn nó.",
      "exists": false,
      "links": []
    },
    {
      "query": "Hạnh phúc không phải là đích đến mà là hành trình ta trải qua mỗi ngày.",
      "exists": true,
      "links": [
        "https://vertexaisearch.cloud.google.com/grounding-api-redirect/AUZIYQHsBjaieDkx_a3BUbeAcxo5Sl6TVlbBLbprEWHClZoY1-ANODU6_ZT0mO0_l7vMm0foBj816Doant_qhtCpnA91gV2nomy8y-fAzGP7d6h1JS4iUOdRCth9Kssi_0ApSBuZphji6w==",
        "https://vertexaisearch.cloud.google.com/grounding-api-redirect/AUZIYQEfeuMdODkA7mRdxLrBph4voHYabZ0Kgyzw8znq5N6_uY3dAnZld4ZP4yLSNqI4UIiQn568GF18vCGqQla1GBiYOGYFI2kFxPPC2UxuubyvC6kVn69NP580Ky31yOV8sl6dhTF3CxjU7Kli8zOQJz0ghw=="
      ]
    },
    {
      "query": "Thành công không đo bằng tiền bạc mà bằng sự hài lòng trong tâm hồn.",
      "exists": true,
      "links": [
      ]
    },
    {
      "query": "Thành công không đo bằng tiền bạc mà bằng sự hài lòng trong tâm hồn.",
      "exists": true,
      "links": [
        "https://vertexaisearch.cloud.google.com/grounding-api-redirect/AUZIYQHH9NG1jdDKQBoK1HyLc6mmF-c9K_Ha96Ahgp3yEciT9rvSlzyzTCJznoz96uSB7MsqpQnE1wMVg4lDNoFv    {
      "query": "Thành công không đo bằng tiền bạc mà bằng sự hài lòng trong tâm hồn.",
      "exists": true,
      "links": [
        "https://vertexaisearch.cloud.google.com/grounding-api-redirect/AUZIYQHH9NG1jdDKQBoK1HyLc6mmF-c9K_Ha96Ahgp3yEciT9rvSlzyzTCJznoz96uSB7MsqpQnE1wMVg4lDNoFv      "query": "Thành công không đo bằng tiền bạc mà bằng sự hài lòng trong tâm hồn.",
      "exists": true,
      "links": [
        "https://vertexaisearch.cloud.google.com/grounding-api-redirect/AUZIYQHH9NG1jdDKQBoK1HyLc6mmF-c9K_Ha96Ahgp3yEciT9rvSlzyzTCJznoz96uSB7MsqpQnE1wMVg4lDNoFv      "exists": true,
      "links": [
        "https://vertexaisearch.cloud.google.com/grounding-api-redirect/AUZIYQHH9NG1jdDKQBoK1HyLc6mmF-c9K_Ha96Ahgp3yEciT9rvSlzyzTCJznoz96uSB7MsqpQnE1wMVg4lDNoFvJWhEQQeT711URvuAnqsDhFy8UmnhRqy3632hdK7v32SfHT4z1gnI79HUoWHQhAreN3gf4sCv5jt2AvIkLKECya7hPjTAYaefyha05TXdKabhEt4="
      ]
        "https://vertexaisearch.cloud.google.com/grounding-api-redirect/AUZIYQHH9NG1jdDKQBoK1HyLc6mmF-c9K_Ha96Ahgp3yEciT9rvSlzyzTCJznoz96uSB7MsqpQnE1wMVg4lDNoFvJWhEQQeT711URvuAnqsDhFy8UmnhRqy3632hdK7v32SfHT4z1gnI79HUoWHQhAreN3gf4sCv5jt2AvIkLKECya7hPjTAYaefyha05TXdKabhEt4="
      ]
JWhEQQeT711URvuAnqsDhFy8UmnhRqy3632hdK7v32SfHT4z1gnI79HUoWHQhAreN3gf4sCv5jt2AvIkLKECya7hPjTAYaefyha05TXdKabhEt4="
      ]
      ]
    },
    },
    {
      "query": "Nếu tui là gia cát lượng thì tui đã không để cho ngươi làm việc này.",
      "exists": false,
      "links": []
    }
  ]
}
